
> react-components-assignment@1.0.0 build-storybook
> storybook build --output-dir=/tmp/chromatic--4064-7kxaZ1xMFVn1

[1m@storybook/core v8.6.14
[22m
info => Cleaning outputDir: [36m../../../tmp/chromatic--4064-7kxaZ1xMFVn1[39m
info => Loading presets
info => Building manager..
info => Manager built ([38;2;181;126;229m613 ms[39m)
info => Building preview..
info Using tsconfig paths for react-docgen
[36mvite v5.4.19 [32mbuilding for production...[36m[39m
transforming...
[32m✓[39m 127 modules transformed.
rendering chunks...
computing gzip size...
[2m../../../tmp/chromatic--4064-7kxaZ1xMFVn1/[22m[2massets/[22m[32mcontext-C0qIqeS4.png               [39m[1m[2m  6.12 kB[22m[1m[22m
[2m../../../tmp/chromatic--4064-7kxaZ1xMFVn1/[22m[2massets/[22m[32mstyling-Bk6zjRzU.png               [39m[1m[2m  7.24 kB[22m[1m[22m
[2m../../../tmp/chromatic--4064-7kxaZ1xMFVn1/[22m[32miframe.html                               [39m[1m[2m 17.75 kB[22m[1m[22m[2m │ gzip:   5.00 kB[22m
[2m../../../tmp/chromatic--4064-7kxaZ1xMFVn1/[22m[2massets/[22m[32mdocs---vsFbMi.png                  [39m[1m[2m 27.88 kB[22m[1m[22m
[2m../../../tmp/chromatic--4064-7kxaZ1xMFVn1/[22m[2massets/[22m[32mshare-DGA-UcQf.png                 [39m[1m[2m 40.77 kB[22m[1m[22m
[2m../../../tmp/chromatic--4064-7kxaZ1xMFVn1/[22m[2massets/[22m[32maccessibility-W_h2acOZ.png         [39m[1m[2m 42.34 kB[22m[1m[22m
[2m../../../tmp/chromatic--4064-7kxaZ1xMFVn1/[22m[2massets/[22m[32mfigma-plugin-CH2hELiO.png          [39m[1m[2m 44.25 kB[22m[1m[22m
[2m../../../tmp/chromatic--4064-7kxaZ1xMFVn1/[22m[2massets/[22m[32mtheming-D6WJLNoW.png               [39m[1m[2m 44.37 kB[22m[1m[22m
[2m../../../tmp/chromatic--4064-7kxaZ1xMFVn1/[22m[2massets/[22m[32mtesting-cbzR9l9r.png               [39m[1m[2m 49.31 kB[22m[1m[22m
[2m../../../tmp/chromatic--4064-7kxaZ1xMFVn1/[22m[2massets/[22m[32maddon-library-BWUCAmyN.png         [39m[1m[2m467.37 kB[22m[1m[22m
[2m../../../tmp/chromatic--4064-7kxaZ1xMFVn1/[22m[2massets/[22m[35mHeader-Ck-SSN7O.css                [39m[1m[2m  0.51 kB[22m[1m[22m[2m │ gzip:   0.30 kB[22m
[2m../../../tmp/chromatic--4064-7kxaZ1xMFVn1/[22m[2massets/[22m[35mButton-B2efaGtC.css                [39m[1m[2m  0.52 kB[22m[1m[22m[2m │ gzip:   0.29 kB[22m
[2m../../../tmp/chromatic--4064-7kxaZ1xMFVn1/[22m[2massets/[22m[35mPage-CeeQJVdd.css                  [39m[1m[2m  0.91 kB[22m[1m[22m[2m │ gzip:   0.39 kB[22m
[2m../../../tmp/chromatic--4064-7kxaZ1xMFVn1/[22m[2massets/[22m[35mpreview-C9hZgz_z.css               [39m[1m[2m 13.03 kB[22m[1m[22m[2m │ gzip:   3.29 kB[22m
[2m../../../tmp/chromatic--4064-7kxaZ1xMFVn1/[22m[2massets/[22m[36mpreview-BNNO3_dL.js                [39m[1m[2m  0.17 kB[22m[1m[22m[2m │ gzip:   0.14 kB[22m
[2m../../../tmp/chromatic--4064-7kxaZ1xMFVn1/[22m[2massets/[22m[36mpreview-CvbIS5ZJ.js                [39m[1m[2m  0.18 kB[22m[1m[22m[2m │ gzip:   0.16 kB[22m
[2m../../../tmp/chromatic--4064-7kxaZ1xMFVn1/[22m[2massets/[22m[36mindex-ChEI-nsM.js                  [39m[1m[2m  0.42 kB[22m[1m[22m[2m │ gzip:   0.28 kB[22m
[2m../../../tmp/chromatic--4064-7kxaZ1xMFVn1/[22m[2massets/[22m[36mchunk-XP5HYGXS-BpfKkqn7.js         [39m[1m[2m  0.71 kB[22m[1m[22m[2m │ gzip:   0.40 kB[22m
[2m../../../tmp/chromatic--4064-7kxaZ1xMFVn1/[22m[2massets/[22m[36mpreview-DGUiP6tS.js                [39m[1m[2m  0.71 kB[22m[1m[22m[2m │ gzip:   0.49 kB[22m
[2m../../../tmp/chromatic--4064-7kxaZ1xMFVn1/[22m[2massets/[22m[36mindex-DrFu-skq.js                  [39m[1m[2m  0.77 kB[22m[1m[22m[2m │ gzip:   0.47 kB[22m
[2m../../../tmp/chromatic--4064-7kxaZ1xMFVn1/[22m[2massets/[22m[36mreact-18-2zMCfgG4.js               [39m[1m[2m  0.80 kB[22m[1m[22m[2m │ gzip:   0.47 kB[22m
[2m../../../tmp/chromatic--4064-7kxaZ1xMFVn1/[22m[2massets/[22m[36mHeader.stories-CEvBvf9Z.js         [39m[1m[2m  0.89 kB[22m[1m[22m[2m │ gzip:   0.47 kB[22m
[2m../../../tmp/chromatic--4064-7kxaZ1xMFVn1/[22m[2massets/[22m[36mpreview-CXrZ8OLO.js                [39m[1m[2m  0.90 kB[22m[1m[22m[2m │ gzip:   0.57 kB[22m
[2m../../../tmp/chromatic--4064-7kxaZ1xMFVn1/[22m[2massets/[22m[36mjsx-runtime-DiklIkkE.js            [39m[1m[2m  0.92 kB[22m[1m[22m[2m │ gzip:   0.58 kB[22m
[2m../../../tmp/chromatic--4064-7kxaZ1xMFVn1/[22m[2massets/[22m[36mButton-BaTEwWet.js                 [39m[1m[2m  1.23 kB[22m[1m[22m[2m │ gzip:   0.60 kB[22m
[2m../../../tmp/chromatic--4064-7kxaZ1xMFVn1/[22m[2massets/[22m[36mDocsRenderer-CFRXHY34-CKDNB1o_.js  [39m[1m[2m  1.31 kB[22m[1m[22m[2m │ gzip:   0.70 kB[22m
[2m../../../tmp/chromatic--4064-7kxaZ1xMFVn1/[22m[2massets/[22m[36mButton.stories-Y33CNMgM.js         [39m[1m[2m  1.52 kB[22m[1m[22m[2m │ gzip:   0.57 kB[22m
[2m../../../tmp/chromatic--4064-7kxaZ1xMFVn1/[22m[2massets/[22m[36mHeader-BOPe_Y98.js                 [39m[1m[2m  1.79 kB[22m[1m[22m[2m │ gzip:   0.78 kB[22m
[2m../../../tmp/chromatic--4064-7kxaZ1xMFVn1/[22m[2massets/[22m[36mpreview-DD_OYowb.js                [39m[1m[2m  3.51 kB[22m[1m[22m[2m │ gzip:   1.69 kB[22m
[2m../../../tmp/chromatic--4064-7kxaZ1xMFVn1/[22m[2massets/[22m[36mPage.stories-DNGM3ocd.js           [39m[1m[2m  3.60 kB[22m[1m[22m[2m │ gzip:   1.55 kB[22m
[2m../../../tmp/chromatic--4064-7kxaZ1xMFVn1/[22m[2massets/[22m[36mpreview-B8lJiyuQ.js                [39m[1m[2m  5.06 kB[22m[1m[22m[2m │ gzip:   1.89 kB[22m
[2m../../../tmp/chromatic--4064-7kxaZ1xMFVn1/[22m[2massets/[22m[36mindex-DRjF_FHU.js                  [39m[1m[2m  7.35 kB[22m[1m[22m[2m │ gzip:   2.96 kB[22m
[2m../../../tmp/chromatic--4064-7kxaZ1xMFVn1/[22m[2massets/[22m[36mpreview-BWzBA1C2.js                [39m[1m[2m  7.62 kB[22m[1m[22m[2m │ gzip:   1.57 kB[22m
[2m../../../tmp/chromatic--4064-7kxaZ1xMFVn1/[22m[2massets/[22m[36mpreview-BBWR9nbA.js                [39m[1m[2m  8.12 kB[22m[1m[22m[2m │ gzip:   3.08 kB[22m
[2m../../../tmp/chromatic--4064-7kxaZ1xMFVn1/[22m[2massets/[22m[36mtest-utils-Cz8Y21vI.js             [39m[1m[2m 12.94 kB[22m[1m[22m[2m │ gzip:   5.01 kB[22m
[2m../../../tmp/chromatic--4064-7kxaZ1xMFVn1/[22m[2massets/[22m[36mConfigure-DbjOHzEF.js              [39m[1m[2m 25.84 kB[22m[1m[22m[2m │ gzip:  10.93 kB[22m
[2m../../../tmp/chromatic--4064-7kxaZ1xMFVn1/[22m[2massets/[22m[36mColor-YHDXOIA2-CeDlrXrf.js         [39m[1m[2m 29.29 kB[22m[1m[22m[2m │ gzip:  10.89 kB[22m
[2m../../../tmp/chromatic--4064-7kxaZ1xMFVn1/[22m[2massets/[22m[36mentry-preview-XUZIqLss.js          [39m[1m[2m 29.75 kB[22m[1m[22m[2m │ gzip:   9.47 kB[22m
[2m../../../tmp/chromatic--4064-7kxaZ1xMFVn1/[22m[2massets/[22m[36mindex-D-Mha1DF.js                  [39m[1m[2m 57.14 kB[22m[1m[22m[2m │ gzip:  16.22 kB[22m
[2m../../../tmp/chromatic--4064-7kxaZ1xMFVn1/[22m[2massets/[22m[36mindex-B7ki2Uzk.js                  [39m[1m[2m133.96 kB[22m[1m[22m[2m │ gzip:  43.15 kB[22m
[2m../../../tmp/chromatic--4064-7kxaZ1xMFVn1/[22m[2massets/[22m[36miframe-D9uS3iAk.js                 [39m[1m[2m208.38 kB[22m[1m[22m[2m │ gzip:  71.36 kB[22m
[2m../../../tmp/chromatic--4064-7kxaZ1xMFVn1/[22m[2massets/[22m[36mentry-preview-docs-CS87rPOt.js     [39m[1m[2m244.67 kB[22m[1m[22m[2m │ gzip:  72.53 kB[22m
[2m../../../tmp/chromatic--4064-7kxaZ1xMFVn1/[22m[2massets/[22m[36mindex-i7od9_os.js                  [39m[1m[33m662.21 kB[39m[22m[2m │ gzip: 156.36 kB[22m
[2m../../../tmp/chromatic--4064-7kxaZ1xMFVn1/[22m[2massets/[22m[36mindex-Ck66GUJ-.js                  [39m[1m[33m888.56 kB[39m[22m[2m │ gzip: 273.79 kB[22m
[32m✓ built in 25.64s[39m
info => Preview built ([38;2;181;126;229m29 s[39m)
info => Output directory: /tmp/chromatic--4064-7kxaZ1xMFVn1
